<?xml version="1.0" encoding="UTF-8"?>
<!-- Generated by org.testng.reporters.JUnitReportReporter -->
<testsuite hostname="ip-172-31-80-247" failures="0" tests="1" name="com.bosch.AppTest" time="0.021" errors="0" timestamp="2022-12-20T00:35:14 UTC" skipped="0">
  <testcase classname="com.bosch.AppTest" name="testApp" time="0.021"/>
  <system-out/>
</testsuite> <!-- com.bosch.AppTest -->
